<?xml version="1.0" encoding="UTF-8"?>
<testng-results skipped="0" failed="0" ignored="0" total="1" passed="1">
  <reporter-output>
  </reporter-output>
  <suite name="Default suite" duration-ms="14418" started-at="2019-01-23T14:28:08Z" finished-at="2019-01-23T14:28:23Z">
    <groups>
    </groups>
    <test name="Default test" duration-ms="14418" started-at="2019-01-23T14:28:08Z" finished-at="2019-01-23T14:28:23Z">
      <class name="gyak.mavengyakorlas.mavenTest">
        <test-method status="PASS" signature="beforeClass()[pri:0, instance:gyak.mavengyakorlas.mavenTest@ae45eb6]" name="beforeClass" is-config="true" duration-ms="9251" started-at="2019-01-23T14:28:08Z" finished-at="2019-01-23T14:28:17Z">
          <reporter-output>
          </reporter-output>
        </test-method> <!-- beforeClass -->
        <test-method status="PASS" signature="mavenTest()[pri:0, instance:gyak.mavengyakorlas.mavenTest@ae45eb6]" name="mavenTest" duration-ms="3213" started-at="2019-01-23T14:28:17Z" finished-at="2019-01-23T14:28:21Z">
          <reporter-output>
          </reporter-output>
        </test-method> <!-- mavenTest -->
        <test-method status="PASS" signature="afterClass()[pri:0, instance:gyak.mavengyakorlas.mavenTest@ae45eb6]" name="afterClass" is-config="true" duration-ms="1936" started-at="2019-01-23T14:28:21Z" finished-at="2019-01-23T14:28:23Z">
          <reporter-output>
          </reporter-output>
        </test-method> <!-- afterClass -->
      </class> <!-- gyak.mavengyakorlas.mavenTest -->
    </test> <!-- Default test -->
  </suite> <!-- Default suite -->
</testng-results>
